# JRE version: Java(TM) SE Runtime Environment (17.0.12+8) (build 17.0.12+8-LTS-286)
# Java VM: Java HotSpot(TM) 64-Bit Server VM (17.0.12+8-LTS-286, mixed mode, sharing, tiered, compressed oops, compressed class ptrs, g1 gc, windows-amd64)
GC Precious Log:
 CPUs: 8 total, 8 available
 Memory: 32491M
 Large Page Support: Disabled
 NUMA Support: Disabled
 Compressed Oops: Enabled (32-bit)
 Heap Region Size: 1M
 Heap Min Capacity: 256M
 Heap Initial Capacity: 256M
 Heap Max Capacity: 512M
 Pre-touch: Disabled
 Parallel Workers: 8
 Concurrent Workers: 2
 Concurrent Refinement Workers: 8
 Periodic GC: Disabled
Heap:
 garbage-first heap   total 262144K, used 165494K [0x00000000e0000000, 0x0000000100000000)
  region size 1024K, 83 young (84992K), 2 survivors (2048K)
 Metaspace       used 60653K, committed 61376K, reserved 393216K
  class space    used 8194K, committed 8512K, reserved 327680K
GC Heap History (20 events):
Event: 1176.201 GC heap before
{Heap before GC invocations=15 (full 0):
 garbage-first heap   total 262144K, used 201673K [0x00000000e0000000, 0x0000000100000000)
  region size 1024K, 119 young (121856K), 2 survivors (2048K)
 Metaspace       used 59800K, committed 60544K, reserved 393216K
  class space    used 8158K, committed 8512K, reserved 327680K
}
Event: 1176.213 GC heap after
{Heap after GC invocations=16 (full 0):
 garbage-first heap   total 262144K, used 91519K [0x00000000e0000000, 0x0000000100000000)
  region size 1024K, 11 young (11264K), 11 survivors (11264K)
 Metaspace       used 59800K, committed 60544K, reserved 393216K
  class space    used 8158K, committed 8512K, reserved 327680K
}
Event: 1194.332 GC heap before
{Heap before GC invocations=16 (full 0):
 garbage-first heap   total 262144K, used 203135K [0x00000000e0000000, 0x0000000100000000)
  region size 1024K, 121 young (123904K), 11 survivors (11264K)
 Metaspace       used 60064K, committed 60736K, reserved 393216K
  class space    used 8171K, committed 8512K, reserved 327680K
}
Event: 1194.343 GC heap after
{Heap after GC invocations=17 (full 0):
 garbage-first heap   total 262144K, used 96212K [0x00000000e0000000, 0x0000000100000000)
  region size 1024K, 12 young (12288K), 12 survivors (12288K)
 Metaspace       used 60064K, committed 60736K, reserved 393216K
  class space    used 8171K, committed 8512K, reserved 327680K
}
Event: 1249.822 GC heap before
{Heap before GC invocations=17 (full 0):
 garbage-first heap   total 262144K, used 203732K [0x00000000e0000000, 0x0000000100000000)
  region size 1024K, 117 young (119808K), 12 survivors (12288K)
 Metaspace       used 60132K, committed 60800K, reserved 393216K
  class space    used 8172K, committed 8512K, reserved 327680K
}
Event: 1249.856 GC heap after
{Heap after GC invocations=18 (full 0):
 garbage-first heap   total 262144K, used 105428K [0x00000000e0000000, 0x0000000100000000)
  region size 1024K, 11 young (11264K), 11 survivors (11264K)
 Metaspace       used 60132K, committed 60800K, reserved 393216K
  class space    used 8172K, committed 8512K, reserved 327680K
}
Event: 1285.614 GC heap before
{Heap before GC invocations=18 (full 0):
 garbage-first heap   total 262144K, used 205780K [0x00000000e0000000, 0x0000000100000000)
  region size 1024K, 109 young (111616K), 11 survivors (11264K)
 Metaspace       used 60296K, committed 60992K, reserved 393216K
  class space    used 8178K, committed 8512K, reserved 327680K
}
Event: 1285.627 GC heap after
{Heap after GC invocations=19 (full 0):
 garbage-first heap   total 262144K, used 114759K [0x00000000e0000000, 0x0000000100000000)
  region size 1024K, 12 young (12288K), 12 survivors (12288K)
 Metaspace       used 60296K, committed 60992K, reserved 393216K
  class space    used 8178K, committed 8512K, reserved 327680K
}
Event: 1288.563 GC heap before
{Heap before GC invocations=19 (full 0):
 garbage-first heap   total 262144K, used 205895K [0x00000000e0000000, 0x0000000100000000)
  region size 1024K, 101 young (103424K), 12 survivors (12288K)
 Metaspace       used 60308K, committed 60992K, reserved 393216K
  class space    used 8178K, committed 8512K, reserved 327680K
}
Event: 1288.576 GC heap after
{Heap after GC invocations=20 (full 0):
 garbage-first heap   total 262144K, used 124086K [0x00000000e0000000, 0x0000000100000000)
  region size 1024K, 10 young (10240K), 10 survivors (10240K)
 Metaspace       used 60308K, committed 60992K, reserved 393216K
  class space    used 8178K, committed 8512K, reserved 327680K
}
Event: 1327.053 GC heap before
{Heap before GC invocations=20 (full 0):
 garbage-first heap   total 262144K, used 208054K [0x00000000e0000000, 0x0000000100000000)
  region size 1024K, 93 young (95232K), 10 survivors (10240K)
 Metaspace       used 60498K, committed 61248K, reserved 393216K
  class space    used 8191K, committed 8512K, reserved 327680K
}
Event: 1327.072 GC heap after
{Heap after GC invocations=21 (full 0):
 garbage-first heap   total 262144K, used 130537K [0x00000000e0000000, 0x0000000100000000)
  region size 1024K, 7 young (7168K), 7 survivors (7168K)
 Metaspace       used 60498K, committed 61248K, reserved 393216K
  class space    used 8191K, committed 8512K, reserved 327680K
}
Event: 1360.423 GC heap before
{Heap before GC invocations=21 (full 0):
 garbage-first heap   total 262144K, used 211433K [0x00000000e0000000, 0x0000000100000000)
  region size 1024K, 86 young (88064K), 7 survivors (7168K)
 Metaspace       used 60517K, committed 61248K, reserved 393216K
  class space    used 8191K, committed 8512K, reserved 327680K
}
Event: 1360.439 GC heap after
{Heap after GC invocations=22 (full 0):
 garbage-first heap   total 262144K, used 141398K [0x00000000e0000000, 0x0000000100000000)
  region size 1024K, 11 young (11264K), 11 survivors (11264K)
 Metaspace       used 60517K, committed 61248K, reserved 393216K
  class space    used 8191K, committed 8512K, reserved 327680K
}
Event: 1398.296 GC heap before
{Heap before GC invocations=23 (full 0):
 garbage-first heap   total 262144K, used 192598K [0x00000000e0000000, 0x0000000100000000)
  region size 1024K, 81 young (82944K), 11 survivors (11264K)
 Metaspace       used 60519K, committed 61248K, reserved 393216K
  class space    used 8189K, committed 8512K, reserved 327680K
}
Event: 1398.303 GC heap after
{Heap after GC invocations=24 (full 0):
 garbage-first heap   total 262144K, used 117376K [0x00000000e0000000, 0x0000000100000000)
  region size 1024K, 2 young (2048K), 2 survivors (2048K)
 Metaspace       used 60519K, committed 61248K, reserved 393216K
  class space    used 8189K, committed 8512K, reserved 327680K
}
Event: 1407.272 GC heap before
{Heap before GC invocations=24 (full 0):
 garbage-first heap   total 262144K, used 126592K [0x00000000e0000000, 0x0000000100000000)
  region size 1024K, 12 young (12288K), 2 survivors (2048K)
 Metaspace       used 60562K, committed 61248K, reserved 393216K
  class space    used 8190K, committed 8512K, reserved 327680K
}
Event: 1407.277 GC heap after
{Heap after GC invocations=25 (full 0):
 garbage-first heap   total 262144K, used 92241K [0x00000000e0000000, 0x0000000100000000)
  region size 1024K, 2 young (2048K), 2 survivors (2048K)
 Metaspace       used 60562K, committed 61248K, reserved 393216K
  class space    used 8190K, committed 8512K, reserved 327680K
}
Event: 1416.198 GC heap before
{Heap before GC invocations=25 (full 0):
 garbage-first heap   total 262144K, used 101457K [0x00000000e0000000, 0x0000000100000000)
  region size 1024K, 12 young (12288K), 2 survivors (2048K)
 Metaspace       used 60609K, committed 61312K, reserved 393216K
  class space    used 8190K, committed 8512K, reserved 327680K
}
Event: 1416.209 GC heap after
{Heap after GC invocations=26 (full 0):
 garbage-first heap   total 262144K, used 83574K [0x00000000e0000000, 0x0000000100000000)
  region size 1024K, 2 young (2048K), 2 survivors (2048K)
 Metaspace       used 60609K, committed 61312K, reserved 393216K
  class space    used 8190K, committed 8512K, reserved 327680K
}

