# JRE version: Java(TM) SE Runtime Environment (17.0.12+8) (build 17.0.12+8-LTS-286)
# Java VM: Java HotSpot(TM) 64-Bit Server VM (17.0.12+8-LTS-286, mixed mode, sharing, tiered, compressed oops, compressed class ptrs, g1 gc, windows-amd64)
GC Precious Log:
 CPUs: 8 total, 8 available
 Memory: 32491M
 Large Page Support: Disabled
 NUMA Support: Disabled
 Compressed Oops: Enabled (32-bit)
 Heap Region Size: 1M
 Heap Min Capacity: 256M
 Heap Initial Capacity: 256M
 Heap Max Capacity: 512M
 Pre-touch: Disabled
 Parallel Workers: 8
 Concurrent Workers: 2
 Concurrent Refinement Workers: 8
 Periodic GC: Disabled
Heap:
 garbage-first heap   total 262144K, used 52221K [0x00000000e0000000, 0x0000000100000000)
  region size 1024K, 41 young (41984K), 12 survivors (12288K)
 Metaspace       used 24584K, committed 24960K, reserved 393216K
  class space    used 3638K, committed 3840K, reserved 327680K
GC Heap History (8 events):
Event: 5.650 GC heap before
{Heap before GC invocations=0 (full 0):
 garbage-first heap   total 262144K, used 22528K [0x00000000e0000000, 0x0000000100000000)
  region size 1024K, 23 young (23552K), 0 survivors (0K)
 Metaspace       used 1117K, committed 1280K, reserved 393216K
  class space    used 78K, committed 128K, reserved 327680K
}
Event: 6.061 GC heap after
{Heap after GC invocations=1 (full 0):
 garbage-first heap   total 262144K, used 3473K [0x00000000e0000000, 0x0000000100000000)
  region size 1024K, 3 young (3072K), 3 survivors (3072K)
 Metaspace       used 1117K, committed 1280K, reserved 393216K
  class space    used 78K, committed 128K, reserved 327680K
}
Event: 16.631 GC heap before
{Heap before GC invocations=1 (full 0):
 garbage-first heap   total 262144K, used 37265K [0x00000000e0000000, 0x0000000100000000)
  region size 1024K, 34 young (34816K), 3 survivors (3072K)
 Metaspace       used 4407K, committed 4608K, reserved 393216K
  class space    used 549K, committed 640K, reserved 327680K
}
Event: 16.636 GC heap after
{Heap after GC invocations=2 (full 0):
 garbage-first heap   total 262144K, used 11228K [0x00000000e0000000, 0x0000000100000000)
  region size 1024K, 5 young (5120K), 5 survivors (5120K)
 Metaspace       used 4407K, committed 4608K, reserved 393216K
  class space    used 549K, committed 640K, reserved 327680K
}
Event: 23.746 GC heap before
{Heap before GC invocations=2 (full 0):
 garbage-first heap   total 262144K, used 58332K [0x00000000e0000000, 0x0000000100000000)
  region size 1024K, 49 young (50176K), 5 survivors (5120K)
 Metaspace       used 4662K, committed 4800K, reserved 393216K
  class space    used 579K, committed 640K, reserved 327680K
}
Event: 23.753 GC heap after
{Heap after GC invocations=3 (full 0):
 garbage-first heap   total 262144K, used 16081K [0x00000000e0000000, 0x0000000100000000)
  region size 1024K, 5 young (5120K), 5 survivors (5120K)
 Metaspace       used 4662K, committed 4800K, reserved 393216K
  class space    used 579K, committed 640K, reserved 327680K
}
Event: 86.862 GC heap before
{Heap before GC invocations=3 (full 0):
 garbage-first heap   total 262144K, used 126673K [0x00000000e0000000, 0x0000000100000000)
  region size 1024K, 114 young (116736K), 5 survivors (5120K)
 Metaspace       used 21164K, committed 21504K, reserved 393216K
  class space    used 3082K, committed 3264K, reserved 327680K
}
Event: 87.330 GC heap after
{Heap after GC invocations=4 (full 0):
 garbage-first heap   total 262144K, used 23549K [0x00000000e0000000, 0x0000000100000000)
  region size 1024K, 12 young (12288K), 12 survivors (12288K)
 Metaspace       used 21164K, committed 21504K, reserved 393216K
  class space    used 3082K, committed 3264K, reserved 327680K
}

